Dropped vinno from server (Disconnect by user.)
Map: ttt_rooftops_2016_v1
Client "vinno" spawned in server <STEAM_0:0:97283690> (took 19 seconds).
Client "Bot01" spawned in server <BOT> (took 71 seconds).
Client "Bot02" spawned in server <BOT> (took 71 seconds).
Client "Bot03" spawned in server <BOT> (took 72 seconds).
Client "Bot04" spawned in server <BOT> (took 72 seconds).
Client "Bot05" spawned in server <BOT> (took 74 seconds).
Client "Bot06" spawned in server <BOT> (took 81 seconds).
Client "Bot07" spawned in server <BOT> (took 85 seconds).
ServerLog: Round proper has begun...
ServerLog: 00:00.00 - ROUND_START: vinno is clairvoyant
ServerLog: 00:00.00 - ROUND_START: Bot01 is mesmerist
ServerLog: 00:00.00 - ROUND_START: Bot02 is sheriff
ServerLog: 00:00.00 - ROUND_START: Bot03 is glutton
ServerLog: 00:00.00 - ROUND_START: Bot04 is bodyguard
ServerLog: 00:00.00 - ROUND_START: Bot05 is priest
ServerLog: 00:00.00 - ROUND_START: Bot06 is survivalist
ServerLog: 00:00.00 - ROUND_START: Bot07 is cupid
ServerLog: 00:03.21 - CP_DMG OTHER<0>: nonplayer (Entity [688][trigger_hurt], ground_hurt) damaged Bot02 [sheriff, innocents] for 500
ServerLog: 00:03.21 - KILL:	 <something/world> killed Bot02 [sheriff]
ServerLog: 00:03.21 - CP_KILL: nonplayer (Entity [688][trigger_hurt], ground_hurt) killed Bot02 [sheriff, innocents]
ServerLog: 00:03.89 - CP_RC: vinno [traitor]  changed Role
ServerLog: [ULX] vinno forced Themself to become the role of a traitor.
ServerLog: 00:04.77 - CP_DMG OTHER<0>: nonplayer (Entity [688][trigger_hurt], ground_hurt) damaged Bot03 [glutton, traitors] for 500
ServerLog: 00:04.77 - KILL:	 <something/world> killed Bot03 [glutton]
ServerLog: 00:04.77 - CP_KILL: nonplayer (Entity [688][trigger_hurt], ground_hurt) killed Bot03 [glutton, traitors]
ServerLog: 00:04.77 - CP_DMG OTHER<0>: Bot04 [bodyguard, innocents] <Weapon [3293][weapon_ttt_unarmed]>, (Player [5][Bot04], Bot04) damaged Bot04 [bodyguard, innocents] for 20
ServerLog: 00:07.39 - CP_OE: vinno [traitor]  ordered weapon_ttt_push
ServerLog: 00:12.94 - CP_OE: vinno [traitor]  ordered item_radar
ServerLog: 00:15.07 - CP_DMG BULLET: vinno [traitor, traitors] <Weapon [303][weapon_ttt_push]>, (Player [1][vinno], vinno) damaged Bot05 [priest, innocents] for 6
ServerLog: 00:15.07 - DMG: 	 vinno [traitor] damaged Bot05 [priest] for 4 dmg
ServerLog: 00:18.64 - CP_DMG BULLET: vinno [traitor, traitors] <Weapon [303][weapon_ttt_push]>, (Player [1][vinno], vinno) damaged Bot05 [priest, innocents] for 6
ServerLog: 00:18.64 - DMG: 	 vinno [traitor] damaged Bot05 [priest] for 4 dmg
ServerLog: 00:21.81 - CP_DMG OTHER<0>: nonplayer (Entity [688][trigger_hurt], ground_hurt) damaged Bot05 [priest, innocents] for 500
ServerLog: 00:21.81 - DMG: 	 vinno [traitor] damaged Bot05 [priest] for 500 dmg
ServerLog: 00:21.81 - KILL:	 vinno [traitor] killed Bot05 [priest]
ServerLog: 00:21.81 - CP_KILL: vinno [traitor, traitors] <Weapon [303][weapon_ttt_push]>, (Entity [688][trigger_hurt], ground_hurt) killed Bot05 [priest, innocents]
ServerLog: 00:21.81 - CP_DMG OTHER<0>: Bot04 [bodyguard, innocents] <Weapon [3293][weapon_ttt_unarmed]>, (Player [5][Bot04], Bot04) damaged Bot04 [bodyguard, innocents] for 20
ServerLog: 01:04.92 - CP_DMG BULLET: vinno [traitor, traitors] <Weapon [303][weapon_ttt_push]>, (Player [1][vinno], vinno) damaged Bot04 [bodyguard, innocents] for 6
ServerLog: 01:04.92 - DMG: 	 vinno [traitor] damaged Bot04 [bodyguard] for 6 dmg
ServerLog: 01:08.99 - CP_DMG BULLET: vinno [traitor, traitors] <Weapon [303][weapon_ttt_push]>, (Player [1][vinno], vinno) damaged Bot04 [bodyguard, innocents] for 6
ServerLog: 01:08.99 - DMG: 	 vinno [traitor] damaged Bot04 [bodyguard] for 6 dmg
ServerLog: 01:12.13 - CP_DMG BULLET: vinno [traitor, traitors] <Weapon [303][weapon_ttt_push]>, (Player [1][vinno], vinno) damaged Bot04 [bodyguard, innocents] for 6
ServerLog: 01:12.13 - DMG: 	 vinno [traitor] damaged Bot04 [bodyguard] for 6 dmg
ServerLog: 01:17.02 - CP_DMG BULLET: vinno [traitor, traitors] <Weapon [303][weapon_ttt_push]>, (Player [1][vinno], vinno) damaged Bot04 [bodyguard, innocents] for 6
ServerLog: 01:17.02 - DMG: 	 vinno [traitor] damaged Bot04 [bodyguard] for 6 dmg
ServerLog: 01:36.68 - CP_DMG BULLET: vinno [traitor, traitors] <Weapon [303][weapon_ttt_push]>, (Player [1][vinno], vinno) damaged Bot01 [mesmerist, traitors] for 5.5500001907349
vinno (994.450000) hurt Bot01 (1000.000000) and gets penalised for 5.550000
ServerLog: 01:36.68 - DMG: 	 vinno [traitor] damaged Bot01 [mesmerist] for 6 dmg
ServerLog: 01:39.71 - CP_DMG BULLET: vinno [traitor, traitors] <Weapon [303][weapon_ttt_push]>, (Player [1][vinno], vinno) damaged Bot01 [mesmerist, traitors] for 3.2999999523163
vinno (991.149999) hurt Bot01 (1000.000000) and gets penalised for 3.300000
ServerLog: 01:39.71 - DMG: 	 vinno [traitor] damaged Bot01 [mesmerist] for 3 dmg
ServerLog: 02:03.82 - CP_DMG BULLET: vinno [traitor, traitors] <Weapon [303][weapon_ttt_push]>, (Player [1][vinno], vinno) damaged Bot01 [mesmerist, traitors] for 3.2999999523163
vinno (987.849999) hurt Bot01 (1000.000000) and gets penalised for 3.300000
ServerLog: 02:03.82 - DMG: 	 vinno [traitor] damaged Bot01 [mesmerist] for 3 dmg
ServerLog: 02:06.66 - CP_DMG OTHER<0>: nonplayer (Entity [688][trigger_hurt], ground_hurt) damaged Bot01 [mesmerist, traitors] for 500
vinno (899.849995) hurt Bot01 (1000.000000) and gets penalised for 88.000004
ServerLog: 02:06.66 - DMG: 	 vinno [traitor] damaged Bot01 [mesmerist] for 500 dmg
ServerLog: 02:06.66 - KILL:	 vinno [traitor] killed Bot01 [mesmerist]
vinno (884.849994) killed Bot01 (1000.000000) and gets penalised for 15.000001
ServerLog: 02:06.66 - CP_KILL: vinno [traitor, traitors] <Weapon [303][weapon_ttt_push]>, (Entity [688][trigger_hurt], ground_hurt) killed Bot01 [mesmerist, traitors]
ServerLog: 02:57.19 - CP_DMG FALL: nonplayer (Entity [0][worldspawn]) damaged vinno [traitor, traitors] for 1136.5476074219
ServerLog: 02:57.19 - KILL:	 <something/world> killed vinno [traitor]
ServerLog: 02:57.19 - CP_KILL: nonplayer (Entity [0][worldspawn]) killed vinno [traitor, traitors]
ServerLog: Round ended.
ServerLog: Result: innocents wins.
ServerLog: 02:58.00 - ROUND_ENDED at given time
ServerLog: 02:58.00 - ROUND_END: vinno was traitor
ServerLog: 02:58.00 - ROUND_END: Bot01 was mesmerist
ServerLog: 02:58.00 - ROUND_END: Bot02 was sheriff
ServerLog: 02:58.00 - ROUND_END: Bot03 was glutton
ServerLog: 02:58.00 - ROUND_END: Bot04 was bodyguard
ServerLog: 02:58.00 - ROUND_END: Bot05 was priest
ServerLog: 02:58.00 - ROUND_END: Bot06 was survivalist
ServerLog: 02:58.00 - ROUND_END: Bot07 was cupid
ServerLog: Round proper has begun...
ServerLog: 00:00.00 - ROUND_START: vinno is hitman
ServerLog: 00:00.00 - ROUND_START: Bot01 is amnesiac
ServerLog: 00:00.00 - ROUND_START: Bot02 is blight
ServerLog: 00:00.00 - ROUND_START: Bot03 is spectre
ServerLog: 00:00.00 - ROUND_START: Bot04 is trapper
ServerLog: 00:00.00 - ROUND_START: Bot05 is clairvoyant
ServerLog: 00:00.00 - ROUND_START: Bot06 is sniffer
ServerLog: 00:00.00 - ROUND_START: Bot07 is bodyguard
ServerLog: 00:04.92 - CP_DMG OTHER<0>: nonplayer (Entity [688][trigger_hurt], ground_hurt) damaged Bot04 [trapper, innocents] for 500
ServerLog: 00:04.92 - KILL:	 <something/world> killed Bot04 [trapper]
ServerLog: 00:04.92 - CP_KILL: nonplayer (Entity [688][trigger_hurt], ground_hurt) killed Bot04 [trapper, innocents]
ServerLog: 00:04.92 - CP_DMG OTHER<0>: Bot07 [bodyguard, traitors] <Weapon [3364][weapon_ttt_unarmed]>, (Player [8][Bot07], Bot07) damaged Bot07 [bodyguard, traitors] for 20
ServerLog: 00:09.46 - CP_DMG OTHER<0>: nonplayer (Entity [688][trigger_hurt], ground_hurt) damaged Bot02 [blight, traitors] for 500
ServerLog: 00:09.46 - KILL:	 <something/world> killed Bot02 [blight]
ServerLog: 00:09.46 - CP_KILL: nonplayer (Entity [688][trigger_hurt], ground_hurt) killed Bot02 [blight, traitors]
ServerLog: 00:11.21 - CP_DMG OTHER<0>: nonplayer (Entity [688][trigger_hurt], ground_hurt) damaged Bot03 [spectre, innocents] for 500
ServerLog: 00:11.21 - KILL:	 <something/world> killed Bot03 [spectre]
ServerLog: 00:11.21 - CP_KILL: nonplayer (Entity [688][trigger_hurt], ground_hurt) killed Bot03 [spectre, innocents]
ServerLog: 00:16.85 - CP_DMG OTHER<0>: nonplayer (Entity [688][trigger_hurt], ground_hurt) damaged Bot05 [clairvoyant, innocents] for 500
ServerLog: 00:16.85 - KILL:	 <something/world> killed Bot05 [clairvoyant]
ServerLog: 00:16.85 - CP_KILL: nonplayer (Entity [688][trigger_hurt], ground_hurt) killed Bot05 [clairvoyant, innocents]
ServerLog: [ULX] vinno forced Themself to become the role of a traitor.
ServerLog: 03:03.27 - CP_OE: vinno [traitor]  ordered item_radar
ServerLog: 03:12.56 - CP_OE: vinno [traitor]  ordered weapon_ttt_tflippy_dartgun
ServerLog: 03:41.48 - CP_DMG BULLET: vinno [traitor, traitors] <Weapon [181][weapon_ttt_tflippy_dartgun]>, (Player [1][vinno], vinno) damaged Bot07 [bodyguard, traitors] for 5
vinno (885.356850) hurt Bot07 (1000.000000) and gets penalised for 4.493145
ServerLog: 03:41.48 - DMG: 	 vinno [traitor] damaged Bot07 [bodyguard] for 4 dmg
ServerLog: 03:41.48 - POISON:	 vinno [traitor] poisoned Bot07 [bodyguard] with a Neurotoxin Gun.
ServerLog: 03:42.48 - CP_DMG OTHER<0>: nonplayer (Player [1][vinno], vinno) damaged Bot07 [bodyguard, traitors] for 3
ServerLog: 03:43.49 - CP_DMG OTHER<0>: nonplayer (Player [1][vinno], vinno) damaged Bot07 [bodyguard, traitors] for 3
ServerLog: 03:44.48 - CP_DMG OTHER<0>: nonplayer (Player [1][vinno], vinno) damaged Bot07 [bodyguard, traitors] for 3
ServerLog: 03:45.48 - CP_DMG OTHER<0>: nonplayer (Player [1][vinno], vinno) damaged Bot07 [bodyguard, traitors] for 3
ServerLog: 03:46.49 - CP_DMG OTHER<0>: nonplayer (Player [1][vinno], vinno) damaged Bot07 [bodyguard, traitors] for 3
ServerLog: 03:47.10 - CP_DMG FALL: nonplayer (Entity [0][worldspawn]) damaged Bot06 [sniffer, innocents] for 7.1405053138733
ServerLog: 03:47.48 - CP_DMG OTHER<0>: nonplayer (Player [1][vinno], vinno) damaged Bot07 [bodyguard, traitors] for 3
ServerLog: 03:48.48 - CP_DMG OTHER<0>: nonplayer (Player [1][vinno], vinno) damaged Bot07 [bodyguard, traitors] for 3
ServerLog: 03:49.49 - CP_DMG OTHER<0>: nonplayer (Player [1][vinno], vinno) damaged Bot07 [bodyguard, traitors] for 3
ServerLog: 03:50.48 - CP_DMG OTHER<0>: nonplayer (Player [1][vinno], vinno) damaged Bot07 [bodyguard, traitors] for 3
ServerLog: 03:51.48 - CP_DMG OTHER<0>: nonplayer (Player [1][vinno], vinno) damaged Bot07 [bodyguard, traitors] for 3
ServerLog: 03:52.49 - CP_DMG OTHER<0>: nonplayer (Player [1][vinno], vinno) damaged Bot07 [bodyguard, traitors] for 3
ServerLog: 03:53.48 - CP_DMG OTHER<0>: nonplayer (Player [1][vinno], vinno) damaged Bot07 [bodyguard, traitors] for 3
ServerLog: 03:54.48 - CP_DMG OTHER<0>: nonplayer (Player [1][vinno], vinno) damaged Bot07 [bodyguard, traitors] for 3
ServerLog: 03:55.49 - CP_DMG OTHER<0>: nonplayer (Player [1][vinno], vinno) damaged Bot07 [bodyguard, traitors] for 3
ServerLog: 03:56.52 - CP_DMG BULLET: vinno [traitor, traitors] <Weapon [1394][weapon_zm_rifle]>, (Player [1][vinno], vinno) damaged Bot06 [sniffer, innocents] for 200
ServerLog: 03:56.52 - DMG: 	 vinno [traitor] damaged Bot06 [sniffer] for 180 dmg
ServerLog: 03:56.52 - KILL:	 vinno [traitor] killed Bot06 [sniffer]
ServerLog: 03:56.52 - CP_KILL: vinno [traitor, traitors] <Weapon [1394][weapon_zm_rifle]>, (Player [1][vinno], vinno) killed Bot06 [sniffer, innocents]
ServerLog: 03:56.48 - CP_DMG OTHER<0>: nonplayer (Player [1][vinno], vinno) damaged Bot07 [bodyguard, traitors] for 3
ServerLog: Round ended.
ServerLog: Result: traitors wins.
ServerLog: 03:57.01 - ROUND_ENDED at given time
ServerLog: 03:57.01 - ROUND_END: vinno was traitor
ServerLog: 03:57.01 - ROUND_END: Bot01 was amnesiac
ServerLog: 03:57.01 - ROUND_END: Bot02 was blight
ServerLog: 03:57.01 - ROUND_END: Bot03 was spectre
ServerLog: 03:57.01 - ROUND_END: Bot04 was trapper
ServerLog: 03:57.01 - ROUND_END: Bot05 was clairvoyant
ServerLog: 03:57.01 - ROUND_END: Bot06 was sniffer
ServerLog: 03:57.01 - ROUND_END: Bot07 was bodyguard
ServerLog: Round proper has begun...
ServerLog: 00:00.00 - ROUND_START: vinno is accomplice
ServerLog: 00:00.00 - ROUND_START: Bot01 is sniffer
ServerLog: 00:00.00 - ROUND_START: Bot02 is traitor
ServerLog: 00:00.00 - ROUND_START: Bot03 is amnesiac
ServerLog: 00:00.00 - ROUND_START: Bot04 is executioner
ServerLog: 00:00.00 - ROUND_START: Bot05 is priest
ServerLog: 00:00.00 - ROUND_START: Bot06 is spectre
ServerLog: 00:00.00 - ROUND_START: Bot07 is clairvoyant
ServerLog: 00:03.33 - CP_DMG OTHER<0>: nonplayer (Entity [688][trigger_hurt], ground_hurt) damaged Bot02 [traitor, traitors] for 500
ServerLog: 00:03.33 - KILL:	 <something/world> killed Bot02 [traitor]
ServerLog: 00:03.33 - CP_KILL: nonplayer (Entity [688][trigger_hurt], ground_hurt) killed Bot02 [traitor, traitors]
ServerLog: 00:03.57 - CP_RC: vinno [traitor]  changed Role
ServerLog: [ULX] vinno forced Themself to become the role of a traitor.
ServerLog: 00:11.22 - CP_OE: vinno [traitor]  ordered item_radar
ServerLog: 00:19.22 - CP_OE: vinno [traitor]  ordered weapon_ttt_ak57
ServerLog: 00:20.11 - CP_RC: vinno [doppelganger]  changed Role
ServerLog: [ULX] vinno forced Themself to become the role of a doppelganger.
ServerLog: 00:22.91 - CP_DMG OTHER<0>: nonplayer (Entity [688][trigger_hurt], ground_hurt) damaged Bot03 [amnesiac, nones] for 500
ServerLog: 00:22.91 - KILL:	 <something/world> killed Bot03 [amnesiac]
ServerLog: 00:22.91 - CP_KILL: nonplayer (Entity [688][trigger_hurt], ground_hurt) killed Bot03 [amnesiac, nones]
ServerLog: 00:30.24 - CP_RC: vinno [sniffer]  changed Role
ServerLog: 00:30.24 - CP_RC: Bot01 [amnesiac]  changed Role
ServerLog: 00:33.39 - CP_DMG BULLET: vinno [sniffer, doppelgangers] <Weapon [13][weapon_ttt_ak57]>, (Player [1][vinno], vinno) damaged Bot05 [priest, innocents] for 13.75
vinno (892.953309) hurt Bot05 (1000.000000) and gets REWARDED 2.596459
ServerLog: 00:33.39 - DMG: 	 vinno [sniffer] damaged Bot05 [priest] for 9 dmg
ServerLog: 00:33.67 - CP_DMG BULLET: vinno [sniffer, doppelgangers] <Weapon [13][weapon_ttt_ak57]>, (Player [1][vinno], vinno) damaged Bot05 [priest, innocents] for 13.75
vinno (895.549767) hurt Bot05 (1000.000000) and gets REWARDED 2.596459
ServerLog: 00:33.67 - DMG: 	 vinno [sniffer] damaged Bot05 [priest] for 9 dmg
ServerLog: 00:33.77 - CP_DMG BULLET: vinno [sniffer, doppelgangers] <Weapon [13][weapon_ttt_ak57]>, (Player [1][vinno], vinno) damaged Bot05 [priest, innocents] for 25
vinno (900.270602) hurt Bot05 (1000.000000) and gets REWARDED 4.720835
ServerLog: 00:33.77 - DMG: 	 vinno [sniffer] damaged Bot05 [priest] for 16 dmg
ServerLog: 00:34.24 - CP_DMG BULLET: vinno [sniffer, doppelgangers] <Weapon [13][weapon_ttt_ak57]>, (Player [1][vinno], vinno) damaged Bot05 [priest, innocents] for 25
vinno (905.740246) hurt Bot05 (1000.000000) and gets REWARDED 5.469644
ServerLog: 00:34.24 - DMG: 	 vinno [sniffer] damaged Bot05 [priest] for 18 dmg
ServerLog: 00:34.34 - CP_DMG BULLET: vinno [sniffer, doppelgangers] <Weapon [13][weapon_ttt_ak57]>, (Player [1][vinno], vinno) damaged Bot05 [priest, innocents] for 25
vinno (912.484296) hurt Bot05 (1000.000000) and gets REWARDED 6.744049
ServerLog: 00:34.34 - DMG: 	 vinno [sniffer] damaged Bot05 [priest] for 22 dmg
ServerLog: 00:34.42 - CP_DMG BULLET: vinno [sniffer, doppelgangers] <Weapon [13][weapon_ttt_ak57]>, (Player [1][vinno], vinno) damaged Bot05 [priest, innocents] for 25
vinno (919.228345) hurt Bot05 (1000.000000) and gets REWARDED 6.744049
ServerLog: 00:34.42 - DMG: 	 vinno [sniffer] damaged Bot05 [priest] for 22 dmg
ServerLog: 00:34.53 - CP_DMG BULLET: vinno [sniffer, doppelgangers] <Weapon [13][weapon_ttt_ak57]>, (Player [1][vinno], vinno) damaged Bot05 [priest, innocents] for 25
vinno (920.428345) hurt Bot05 (1000.000000) and gets REWARDED 1.200000
ServerLog: 00:34.53 - DMG: 	 vinno [sniffer] damaged Bot05 [priest] for 22 dmg
ServerLog: 00:34.53 - KILL:	 vinno [sniffer] killed Bot05 [priest]
vinno (932.428346) killed Bot05 (1000.000000) and gets REWARDED 12.000001
ServerLog: 00:34.53 - CP_KILL: vinno [sniffer, doppelgangers] <Weapon [13][weapon_ttt_ak57]>, (Player [1][vinno], vinno) killed Bot05 [priest, innocents]
ServerLog: 00:37.53 - CP_DMG BULLET: vinno [sniffer, doppelgangers] <Weapon [13][weapon_ttt_ak57]>, (Player [1][vinno], vinno) damaged Bot01 [amnesiac, nones] for 0
ServerLog: 00:37.64 - CP_DMG BULLET: vinno [sniffer, doppelgangers] <Weapon [13][weapon_ttt_ak57]>, (Player [1][vinno], vinno) damaged Bot01 [amnesiac, nones] for 0
ServerLog: 00:37.73 - CP_DMG BULLET: vinno [sniffer, doppelgangers] <Weapon [13][weapon_ttt_ak57]>, (Player [1][vinno], vinno) damaged Bot01 [amnesiac, nones] for 0
ServerLog: 00:37.82 - CP_DMG BULLET: vinno [sniffer, doppelgangers] <Weapon [13][weapon_ttt_ak57]>, (Player [1][vinno], vinno) damaged Bot01 [amnesiac, nones] for 0
ServerLog: 00:37.92 - CP_DMG BULLET: vinno [sniffer, doppelgangers] <Weapon [13][weapon_ttt_ak57]>, (Player [1][vinno], vinno) damaged Bot01 [amnesiac, nones] for 0
ServerLog: 00:38.01 - CP_DMG BULLET: vinno [sniffer, doppelgangers] <Weapon [13][weapon_ttt_ak57]>, (Player [1][vinno], vinno) damaged Bot01 [amnesiac, nones] for 0
ServerLog: 00:38.10 - CP_DMG BULLET: vinno [sniffer, doppelgangers] <Weapon [13][weapon_ttt_ak57]>, (Player [1][vinno], vinno) damaged Bot01 [amnesiac, nones] for 0
ServerLog: 00:38.21 - CP_DMG BULLET: vinno [sniffer, doppelgangers] <Weapon [13][weapon_ttt_ak57]>, (Player [1][vinno], vinno) damaged Bot01 [amnesiac, nones] for 0
ServerLog: 00:38.29 - CP_DMG BULLET: vinno [sniffer, doppelgangers] <Weapon [13][weapon_ttt_ak57]>, (Player [1][vinno], vinno) damaged Bot01 [amnesiac, nones] for 0
ServerLog: 00:38.39 - CP_DMG BULLET: vinno [sniffer, doppelgangers] <Weapon [13][weapon_ttt_ak57]>, (Player [1][vinno], vinno) damaged Bot01 [amnesiac, nones] for 0
ServerLog: 00:38.49 - CP_DMG BULLET: vinno [sniffer, doppelgangers] <Weapon [13][weapon_ttt_ak57]>, (Player [1][vinno], vinno) damaged Bot01 [amnesiac, nones] for 0
ServerLog: 00:38.58 - CP_DMG BULLET: vinno [sniffer, doppelgangers] <Weapon [13][weapon_ttt_ak57]>, (Player [1][vinno], vinno) damaged Bot01 [amnesiac, nones] for 0
ServerLog: 00:38.67 - CP_DMG BULLET: vinno [sniffer, doppelgangers] <Weapon [13][weapon_ttt_ak57]>, (Player [1][vinno], vinno) damaged Bot01 [amnesiac, nones] for 0
ServerLog: 00:38.78 - CP_DMG BULLET: vinno [sniffer, doppelgangers] <Weapon [13][weapon_ttt_ak57]>, (Player [1][vinno], vinno) damaged Bot01 [amnesiac, nones] for 0
ServerLog: 00:38.86 - CP_DMG BULLET: vinno [sniffer, doppelgangers] <Weapon [13][weapon_ttt_ak57]>, (Player [1][vinno], vinno) damaged Bot01 [amnesiac, nones] for 0
ServerLog: 00:38.96 - CP_DMG BULLET: vinno [sniffer, doppelgangers] <Weapon [13][weapon_ttt_ak57]>, (Player [1][vinno], vinno) damaged Bot01 [amnesiac, nones] for 0
ServerLog: 00:44.82 - CP_DMG BULLET: vinno [sniffer, doppelgangers] <Weapon [2061][weapon_pp_remington]>, (Player [1][vinno], vinno) damaged Bot01 [amnesiac, nones] for 96
vinno (958.325496) hurt Bot01 (1000.000000) and gets REWARDED 25.897150
ServerLog: 00:44.82 - DMG: 	 vinno [sniffer] damaged Bot01 [amnesiac] for 86 dmg
ServerLog: 00:46.35 - CP_DMG BULLET: vinno [sniffer, doppelgangers] <Weapon [2061][weapon_pp_remington]>, (Player [1][vinno], vinno) damaged Bot01 [amnesiac, nones] for 96
vinno (962.525496) hurt Bot01 (1000.000000) and gets REWARDED 4.200000
ServerLog: 00:46.35 - DMG: 	 vinno [sniffer] damaged Bot01 [amnesiac] for 86 dmg
ServerLog: 00:46.35 - KILL:	 vinno [sniffer] killed Bot01 [amnesiac]
vinno (974.525497) killed Bot01 (1000.000000) and gets REWARDED 12.000001
ServerLog: 00:46.35 - CP_KILL: vinno [sniffer, doppelgangers] <Weapon [2061][weapon_pp_remington]>, (Player [1][vinno], vinno) killed Bot01 [amnesiac, nones]
ServerLog: 01:23.88 - CP_DMG FALL: nonplayer (Entity [0][worldspawn]) damaged vinno [sniffer, doppelgangers] for 5.4134769439697
ServerLog: 01:26.36 - CP_DMG BULLET: vinno [sniffer, doppelgangers] <Weapon [1307][weapon_zm_rifle]>, (Player [1][vinno], vinno) damaged Bot07 [clairvoyant, innocents] for 200
vinno (1000.000000) hurt Bot07 (1000.000000) and gets REWARDED 30.000001
ServerLog: 01:26.36 - DMG: 	 vinno [sniffer] damaged Bot07 [clairvoyant] for 180 dmg
ServerLog: 01:26.36 - KILL:	 vinno [sniffer] killed Bot07 [clairvoyant]
vinno (1000.000000) killed Bot07 (1000.000000) and gets REWARDED 12.000001
ServerLog: 01:26.36 - CP_KILL: vinno [sniffer, doppelgangers] <Weapon [1307][weapon_zm_rifle]>, (Player [1][vinno], vinno) killed Bot07 [clairvoyant, innocents]
ServerLog: 01:49.68 - CP_DMG BULLET: vinno [sniffer, doppelgangers] <Weapon [1307][weapon_zm_rifle]>, (Player [1][vinno], vinno) damaged Bot04 [executioner, traitors] for 200
vinno (1000.000000) hurt Bot04 (1000.000000) and gets REWARDED 30.000001
ServerLog: 01:49.68 - DMG: 	 vinno [sniffer] damaged Bot04 [executioner] for 180 dmg
ServerLog: 01:49.68 - KILL:	 vinno [sniffer] killed Bot04 [executioner]
vinno (1000.000000) killed Bot04 (1000.000000) and gets REWARDED 12.000001
ServerLog: 01:49.68 - CP_KILL: vinno [sniffer, doppelgangers] <Weapon [1307][weapon_zm_rifle]>, (Player [1][vinno], vinno) killed Bot04 [executioner, traitors]
ServerLog: 02:45.48 - CP_DMG EXPL: vinno [sniffer, doppelgangers] <Weapon [2061][weapon_pp_remington]>, (Entity [255][prop_physics], ) damaged Bot06 [spectre, innocents] for 197.31245422363
vinno (1000.000000) hurt Bot06 (1000.000000) and gets REWARDED 30.000001
ServerLog: 02:45.48 - DMG: 	 vinno [sniffer] damaged Bot06 [spectre] for 177 dmg
ServerLog: 02:45.48 - KILL:	 vinno [sniffer] killed Bot06 [spectre]
vinno (1000.000000) killed Bot06 (1000.000000) and gets REWARDED 12.000001
ServerLog: 02:45.48 - CP_KILL: vinno [sniffer, doppelgangers] <Weapon [2061][weapon_pp_remington]>, (Entity [255][prop_physics], ) killed Bot06 [spectre, innocents]
ServerLog: Round ended.
ServerLog: Result: doppelgangers wins.
ServerLog: 02:46.01 - ROUND_ENDED at given time
ServerLog: 02:46.01 - ROUND_END: vinno was sniffer
ServerLog: 02:46.01 - ROUND_END: Bot01 was amnesiac
ServerLog: 02:46.01 - ROUND_END: Bot02 was traitor
ServerLog: 02:46.01 - ROUND_END: Bot03 was amnesiac
ServerLog: 02:46.01 - ROUND_END: Bot04 was executioner
ServerLog: 02:46.01 - ROUND_END: Bot05 was priest
ServerLog: 02:46.01 - ROUND_END: Bot06 was spectre
ServerLog: 02:46.01 - ROUND_END: Bot07 was clairvoyant
ServerLog: Round proper has begun...
ServerLog: 00:00.00 - ROUND_START: vinno is amnesiac
ServerLog: 00:00.00 - ROUND_START: Bot01 is sniffer
ServerLog: 00:00.00 - ROUND_START: Bot02 is survivalist
ServerLog: 00:00.00 - ROUND_START: Bot03 is trapper
ServerLog: 00:00.00 - ROUND_START: Bot04 is mesmerist
ServerLog: 00:00.00 - ROUND_START: Bot05 is clairvoyant
ServerLog: 00:00.00 - ROUND_START: Bot06 is impostor
ServerLog: 00:00.00 - ROUND_START: Bot07 is accomplice
ServerLog: 00:13.68 - CP_RC: vinno [traitor]  changed Role
ServerLog: [ULX] vinno forced Themself to become the role of a traitor.
ServerLog: 00:20.34 - CP_DMG OTHER<0>: nonplayer (Entity [688][trigger_hurt], ground_hurt) damaged Bot06 [impostor, traitors] for 500
ServerLog: 00:20.34 - KILL:	 <something/world> killed Bot06 [impostor]
ServerLog: 00:20.34 - CP_KILL: nonplayer (Entity [688][trigger_hurt], ground_hurt) killed Bot06 [impostor, traitors]
ServerLog: 00:26.92 - CP_OE: vinno [traitor]  ordered item_radar
ServerLog: 00:34.66 - CP_OE: vinno [traitor]  ordered weapon_ttt_proximitymine
ServerLog: 00:34.83 - CP_DMG FALL: nonplayer (Entity [0][worldspawn]) damaged Bot07 [accomplice, traitors] for 142.69293212891
ServerLog: 00:34.83 - KILL:	 <something/world> killed Bot07 [accomplice]
ServerLog: 00:34.83 - CP_KILL: nonplayer (Entity [0][worldspawn]) killed Bot07 [accomplice, traitors]
ServerLog: 00:50.67 - CP_DMG OTHER<0>: nonplayer (Entity [688][trigger_hurt], ground_hurt) damaged Bot01 [sniffer, innocents] for 500
ServerLog: 00:50.67 - KILL:	 <something/world> killed Bot01 [sniffer]
ServerLog: 00:50.67 - CP_KILL: nonplayer (Entity [688][trigger_hurt], ground_hurt) killed Bot01 [sniffer, innocents]
ServerLog: 01:45.00 - CP_DMG EXPL: vinno [traitor, traitors] <Weapon [3305][weapon_zm_improvised]>, (Entity [184][ttt_proximitymine], ) damaged Bot02 [survivalist, innocents] for 125
ServerLog: 01:45.00 - DMG: 	 vinno [traitor] damaged Bot02 [survivalist] for 125 dmg
ServerLog: 01:45.00 - KILL:	 vinno [traitor] killed Bot02 [survivalist]
ServerLog: 01:45.00 - CP_KILL: vinno [traitor, traitors] <Weapon [3305][weapon_zm_improvised]>, (Entity [184][ttt_proximitymine], ) killed Bot02 [survivalist, innocents]
ServerLog: 01:53.28 - CP_DMG BULLET: vinno [traitor, traitors] <Weapon [3305][weapon_zm_improvised]>, (Player [1][vinno], vinno) damaged Bot04 [mesmerist, traitors] for 0
ServerLog: 01:53.28 - CP_DMG OTHER<128>: vinno [traitor, traitors] <Weapon [3305][weapon_zm_improvised]>, (Weapon [3305][weapon_zm_improvised], ) damaged Bot04 [mesmerist, traitors] for 20
vinno (979.999999) hurt Bot04 (1000.000000) and gets penalised for 20.000001
ServerLog: 01:53.28 - DMG: 	 vinno [traitor] damaged Bot04 [mesmerist] for 20 dmg
ServerLog: 01:54.03 - CP_DMG BULLET: vinno [traitor, traitors] <Weapon [3305][weapon_zm_improvised]>, (Player [1][vinno], vinno) damaged Bot04 [mesmerist, traitors] for 0
ServerLog: 01:54.03 - CP_DMG OTHER<128>: vinno [traitor, traitors] <Weapon [3305][weapon_zm_improvised]>, (Weapon [3305][weapon_zm_improvised], ) damaged Bot04 [mesmerist, traitors] for 20
vinno (959.999998) hurt Bot04 (1000.000000) and gets penalised for 20.000001
ServerLog: 01:54.03 - DMG: 	 vinno [traitor] damaged Bot04 [mesmerist] for 20 dmg
ServerLog: 01:54.57 - CP_DMG BULLET: vinno [traitor, traitors] <Weapon [3305][weapon_zm_improvised]>, (Player [1][vinno], vinno) damaged Bot04 [mesmerist, traitors] for 0
ServerLog: 01:54.57 - CP_DMG OTHER<128>: vinno [traitor, traitors] <Weapon [3305][weapon_zm_improvised]>, (Weapon [3305][weapon_zm_improvised], ) damaged Bot04 [mesmerist, traitors] for 20
vinno (939.999997) hurt Bot04 (1000.000000) and gets penalised for 20.000001
ServerLog: 01:54.57 - DMG: 	 vinno [traitor] damaged Bot04 [mesmerist] for 20 dmg
ServerLog: 01:55.11 - CP_DMG BULLET: vinno [traitor, traitors] <Weapon [3305][weapon_zm_improvised]>, (Player [1][vinno], vinno) damaged Bot04 [mesmerist, traitors] for 0
ServerLog: 01:55.11 - CP_DMG OTHER<128>: vinno [traitor, traitors] <Weapon [3305][weapon_zm_improvised]>, (Weapon [3305][weapon_zm_improvised], ) damaged Bot04 [mesmerist, traitors] for 20
vinno (919.999996) hurt Bot04 (1000.000000) and gets penalised for 20.000001
ServerLog: 01:55.11 - DMG: 	 vinno [traitor] damaged Bot04 [mesmerist] for 20 dmg
ServerLog: 01:55.62 - CP_DMG BULLET: vinno [traitor, traitors] <Weapon [3305][weapon_zm_improvised]>, (Player [1][vinno], vinno) damaged Bot04 [mesmerist, traitors] for 0
ServerLog: 01:55.62 - CP_DMG OTHER<128>: vinno [traitor, traitors] <Weapon [3305][weapon_zm_improvised]>, (Weapon [3305][weapon_zm_improvised], ) damaged Bot04 [mesmerist, traitors] for 20
vinno (899.999995) hurt Bot04 (1000.000000) and gets penalised for 20.000001
ServerLog: 01:55.62 - DMG: 	 vinno [traitor] damaged Bot04 [mesmerist] for 20 dmg
ServerLog: 01:55.62 - KILL:	 vinno [traitor] killed Bot04 [mesmerist]
vinno (884.999995) killed Bot04 (1000.000000) and gets penalised for 15.000001
ServerLog: 01:55.62 - CP_KILL: vinno [traitor, traitors] <Weapon [3305][weapon_zm_improvised]>, (Weapon [3305][weapon_zm_improvised], ) killed Bot04 [mesmerist, traitors]
Dropped Bot07 from server (Server shutting down)
Dropped Bot06 from server (Server shutting down)
Dropped Bot05 from server (Server shutting down)
Dropped Bot04 from server (Server shutting down)
Dropped Bot03 from server (Server shutting down)
Dropped Bot02 from server (Server shutting down)
Dropped Bot01 from server (Server shutting down)
Dropped vinno from server (Server shutting down)
